2018-09-26 18:24:36.998 - [][restartedMain] INFO  it.reply.sytel.adr.configuration.ConfigServicesDB - connecting to DB for getting the configuration...
2018-09-26 18:24:37.308 - [][restartedMain] INFO  it.reply.sytel.adr.configuration.ConfigServicesDB - connecting to DB for getting the configuration...DONE
2018-09-26 18:24:37.380 - [][restartedMain] INFO  it.reply.sytel.adr.common.ws.GKConnectionKeepAliveStrategy - Using a custom ConnectionKeepAliveStrategy with default duration = 'infinite'
2018-09-26 18:24:37.391 - [][restartedMain] INFO  it.reply.sytel.adr.common.ws.GKConnectionReuseStrategy - Using a custom ConnectionReuseStrategy based on peer HTTP headers/version
2018-09-26 18:24:37.398 - [][restartedMain] INFO  it.reply.sytel.adr.common.ws.GKHttpRequestRetryHandler - Using a custom HttpRequestRetryHandler to delegate retry logic to JMS redelivery mechanism
2018-09-26 18:24:37.400 - [][restartedMain] DEBUG it.reply.sytel.adr.common.ws.SharedHTTPSClient - Creating shared HTTP client
2018-09-26 18:24:37.400 - [][restartedMain] DEBUG it.reply.sytel.adr.common.ws.SharedHTTPSClient - httpsClientProperties.getTrustURLString():[file:///D:/Dynatrace2RemedyITSM/Dynatrace2RemedyITSM/trunk/resourcesConf/truststore.jks]
2018-09-26 18:24:37.415 - [][restartedMain] DEBUG it.reply.sytel.adr.common.ws.AuthSSLProtocolSocketFactory - createTrustManagers - Initializing trust manager: dynatracetest
2018-09-26 18:24:37.415 - [][restartedMain] DEBUG it.reply.sytel.adr.common.ws.AuthSSLProtocolSocketFactory - Initializing trust manager
2018-09-26 18:24:37.420 - [][restartedMain] DEBUG it.reply.sytel.adr.common.ws.AuthSSLProtocolSocketFactory - --------- protocolHandShake:[TLSv1.2]--------
2018-09-26 18:24:38.151 - [][restartedMain] DEBUG it.reply.sytel.adr.common.ws.SharedHTTPSClient - Shared HTTP client created successfully!
2018-09-26 18:24:38.151 - [][Thread-6] INFO  it.reply.sytel.adr.common.ws.IdleHTTPConnectionEvictor - Starting IdleHTTPConnectionEvictor task (evictionPeriod=5000)
2018-09-26 18:24:38.176 - [][restartedMain] INFO  it.reply.sytel.adr.common.ws.GKConnectionKeepAliveStrategy - Using a custom ConnectionKeepAliveStrategy with default duration = 'infinite'
2018-09-26 18:24:38.177 - [][restartedMain] INFO  it.reply.sytel.adr.common.ws.GKConnectionReuseStrategy - Using a custom ConnectionReuseStrategy based on peer HTTP headers/version
2018-09-26 18:24:38.178 - [][restartedMain] INFO  it.reply.sytel.adr.common.ws.GKHttpRequestRetryHandler - Using a custom HttpRequestRetryHandler to delegate retry logic to JMS redelivery mechanism
2018-09-26 18:24:38.179 - [][restartedMain] DEBUG it.reply.sytel.adr.common.ws.SharedHTTPSClient - Creating shared HTTP client
2018-09-26 18:24:38.179 - [][restartedMain] DEBUG it.reply.sytel.adr.common.ws.SharedHTTPSClient - httpsClientProperties.getTrustURLString():[file:///D:/Dynatrace2RemedyITSM/Dynatrace2RemedyITSM/trunk/resourcesConf/truststore.jks]
2018-09-26 18:24:38.180 - [][restartedMain] DEBUG it.reply.sytel.adr.common.ws.AuthSSLProtocolSocketFactory - createTrustManagers - Initializing trust manager: dynatracetest
2018-09-26 18:24:38.181 - [][restartedMain] DEBUG it.reply.sytel.adr.common.ws.AuthSSLProtocolSocketFactory - Initializing trust manager
2018-09-26 18:24:38.181 - [][restartedMain] DEBUG it.reply.sytel.adr.common.ws.AuthSSLProtocolSocketFactory - --------- protocolHandShake:[TLSv1.2]--------
2018-09-26 18:24:38.185 - [][restartedMain] DEBUG it.reply.sytel.adr.common.ws.SharedHTTPSClient - Shared HTTP client created successfully!
2018-09-26 18:24:38.185 - [][Thread-7] INFO  it.reply.sytel.adr.common.ws.IdleHTTPConnectionEvictor - Starting IdleHTTPConnectionEvictor task (evictionPeriod=5000)
2018-09-26 18:24:38.406 - [][restartedMain] INFO  it.reply.sytel.adr.quartz.SchedulerConfig - called simpleJobTrigger
2018-09-26 18:24:38.549 - [][restartedMain] DEBUG it.reply.sytel.adr.common.resource.imp.ResourceFile - getting the inputStream from fileName:[ADR.properties]
2018-09-26 18:24:38.551 - [][restartedMain] DEBUG it.reply.sytel.adr.configuration.ConfigServicesFile - propertyValue:[ADBM] for propertyName:[DASHBOARD_NAMES]
2018-09-26 18:24:38.552 - [][restartedMain] DEBUG it.reply.sytel.adr.configuration.ConfigServicesFile - propertyValue:[RemedyUsr] for propertyName:[REMEDY_AUTH_INFO_USER]
2018-09-26 18:24:38.553 - [][restartedMain] DEBUG it.reply.sytel.adr.configuration.ConfigServicesFile - propertyValue:[RemedyPwd         ] for propertyName:[REMEDY_AUTH_INFO_PWD]
2018-09-26 18:24:38.555 - [][restartedMain] DEBUG it.reply.sytel.adr.configuration.ConfigServicesFile - propertyValue:[https://dynatrace-sub-CA:8021/rest/management/dashboard/ADBM_TEST_REMEDY_INTEGRATION] for propertyName:[ADBM_URL]
2018-09-26 18:24:38.555 - [][restartedMain] DEBUG it.reply.sytel.adr.configuration.ConfigServicesFile - propertyValue:[admin] for propertyName:[ADBM_USER]
2018-09-26 18:24:38.555 - [][restartedMain] DEBUG it.reply.sytel.adr.configuration.ConfigServicesFile - propertyValue:[adradmin01] for propertyName:[ADBM_PWD]
2018-09-26 18:24:38.555 - [][restartedMain] DEBUG it.reply.sytel.adr.configuration.ConfigServicesFile - propertyValue:[Dynatrace] for propertyName:[ADBM_FIRSTNAME]
2018-09-26 18:24:38.555 - [][restartedMain] DEBUG it.reply.sytel.adr.configuration.ConfigServicesFile - propertyValue:[2-Significant/Large] for propertyName:[ADBM_IMPACT]
2018-09-26 18:24:38.556 - [][restartedMain] DEBUG it.reply.sytel.adr.configuration.ConfigServicesFile - propertyValue:[Dynatrace] for propertyName:[ADBM_LASTNAME]
2018-09-26 18:24:38.556 - [][restartedMain] DEBUG it.reply.sytel.adr.configuration.ConfigServicesFile - propertyValue:[Systems Management] for propertyName:[ADBM_REPORTED_SOURCE]
2018-09-26 18:24:38.557 - [][restartedMain] DEBUG it.reply.sytel.adr.configuration.ConfigServicesFile - propertyValue:[Infrastructure Event] for propertyName:[ADBM_SERVICE_TYPE]
2018-09-26 18:24:38.557 - [][restartedMain] DEBUG it.reply.sytel.adr.configuration.ConfigServicesFile - propertyValue:[New] for propertyName:[ADBM_TICKET_STATUS]
2018-09-26 18:24:38.557 - [][restartedMain] DEBUG it.reply.sytel.adr.configuration.ConfigServicesFile - propertyValue:[2-High] for propertyName:[ADBM_URGENCY]
2018-09-26 18:24:38.557 - [][restartedMain] DEBUG it.reply.sytel.adr.configuration.ConfigServicesFile - Configuration DONE
2018-09-26 18:24:44.385 - [][http-nio-8181-exec-4] INFO  it.reply.sytel.adr.restServices.ConnectorManager - Calling connector ONE SHOT...
2018-09-26 18:24:44.390 - [AC1F07675BABB2CC00011C07][http-nio-8181-exec-4] INFO  it.reply.sytel.adr.engine.RemedyIncidetBuilderEngine - Flow RemedyIncidentdBuilder Engine Called...
2018-09-26 18:24:44.391 - [AC1F07675BABB2CC00011C07][http-nio-8181-exec-4] INFO  it.reply.sytel.adr.services.impl.GetDynatraceIncident - service:[it.reply.sytel.adr.services.impl.GetDynatraceIncident] called ... 
2018-09-26 18:24:44.391 - [AC1F07675BABB2CC00011C07][http-nio-8181-exec-4] INFO  it.reply.sytel.adr.services.impl.GetDynatraceIncident - Number of DashBoard to call:[2]
2018-09-26 18:24:44.392 - [AC1F07675BABB2CC00011C07][http-nio-8181-exec-4] DEBUG it.reply.sytel.adr.services.impl.GetDynatraceIncident - the Name for app:[ADM]
2018-09-26 18:24:44.392 - [AC1F07675BABB2CC00011C07][http-nio-8181-exec-4] DEBUG it.reply.sytel.adr.services.impl.GetDynatraceIncident - the URL for app:[https://dynatrace-sub-CA:8021/rest/management/dashboard/ADBM_TEST_REMEDY_INTEGRATION]
2018-09-26 18:24:44.392 - [AC1F07675BABB2CC00011C07][http-nio-8181-exec-4] DEBUG it.reply.sytel.adr.services.impl.GetDynatraceIncident - the USR for app:[admin]
2018-09-26 18:24:44.392 - [AC1F07675BABB2CC00011C07][http-nio-8181-exec-4] DEBUG it.reply.sytel.adr.services.impl.GetDynatraceIncident - the PWD for app:[adradmin01]
2018-09-26 18:24:44.392 - [AC1F07675BABB2CC00011C07][http-nio-8181-exec-4] DEBUG it.reply.sytel.adr.dynatraceClient.imp.RestClientImpl - calling the console:[https://dynatrace-sub-CA:8021/rest/management/dashboard/ADBM_TEST_REMEDY_INTEGRATION] with user[admin] pwd=adradmin01...
2018-09-26 18:24:44.396 - [AC1F07675BABB2CC00011C07][http-nio-8181-exec-4] DEBUG it.reply.sytel.adr.common.ws.SharedHTTPSClient - Executing POST with basic authentication
2018-09-26 18:24:44.404 - [AC1F07675BABB2CC00011C07][http-nio-8181-exec-4] DEBUG it.reply.sytel.adr.common.ws.SharedHTTPSClient - SOAP HTTP request headers:
2018-09-26 18:24:44.405 - [AC1F07675BABB2CC00011C07][http-nio-8181-exec-4] INFO  it.reply.sytel.adr.common.ws.SharedHTTPSClient - 	name=Authorization, value=Basic YWRtaW46YWRyYWRtaW4wMQ==
2018-09-26 18:24:44.601 - [AC1F07675BABB2CC00011C07][http-nio-8181-exec-4] INFO  it.reply.sytel.adr.common.ws.AuthSSLX509TrustManager -  Server certificate 1:
2018-09-26 18:24:44.603 - [AC1F07675BABB2CC00011C07][http-nio-8181-exec-4] INFO  it.reply.sytel.adr.common.ws.AuthSSLX509TrustManager -   Subject DN: CN=*.adr.it, O=Aeroporti di Roma S.p.A., L=fiumicino, ST=Italia, C=IT
2018-09-26 18:24:44.603 - [AC1F07675BABB2CC00011C07][http-nio-8181-exec-4] INFO  it.reply.sytel.adr.common.ws.AuthSSLX509TrustManager -   Signature Algorithm: SHA256withRSA
2018-09-26 18:24:44.603 - [AC1F07675BABB2CC00011C07][http-nio-8181-exec-4] INFO  it.reply.sytel.adr.common.ws.AuthSSLX509TrustManager -   Valid from: Tue Oct 06 02:00:00 CEST 2015
2018-09-26 18:24:44.604 - [AC1F07675BABB2CC00011C07][http-nio-8181-exec-4] INFO  it.reply.sytel.adr.common.ws.AuthSSLX509TrustManager -   Valid until: Thu Jan 03 13:00:00 CET 2019
2018-09-26 18:24:44.604 - [AC1F07675BABB2CC00011C07][http-nio-8181-exec-4] INFO  it.reply.sytel.adr.common.ws.AuthSSLX509TrustManager -   Issuer: CN=DigiCert SHA2 Secure Server CA, O=DigiCert Inc, C=US
2018-09-26 18:24:44.605 - [AC1F07675BABB2CC00011C07][http-nio-8181-exec-4] INFO  it.reply.sytel.adr.common.ws.AuthSSLX509TrustManager -  Server certificate 2:
2018-09-26 18:24:44.605 - [AC1F07675BABB2CC00011C07][http-nio-8181-exec-4] INFO  it.reply.sytel.adr.common.ws.AuthSSLX509TrustManager -   Subject DN: CN=DigiCert SHA2 Secure Server CA, O=DigiCert Inc, C=US
2018-09-26 18:24:44.605 - [AC1F07675BABB2CC00011C07][http-nio-8181-exec-4] INFO  it.reply.sytel.adr.common.ws.AuthSSLX509TrustManager -   Signature Algorithm: SHA256withRSA
2018-09-26 18:24:44.605 - [AC1F07675BABB2CC00011C07][http-nio-8181-exec-4] INFO  it.reply.sytel.adr.common.ws.AuthSSLX509TrustManager -   Valid from: Fri Mar 08 13:00:00 CET 2013
2018-09-26 18:24:44.605 - [AC1F07675BABB2CC00011C07][http-nio-8181-exec-4] INFO  it.reply.sytel.adr.common.ws.AuthSSLX509TrustManager -   Valid until: Wed Mar 08 13:00:00 CET 2023
2018-09-26 18:24:44.606 - [AC1F07675BABB2CC00011C07][http-nio-8181-exec-4] INFO  it.reply.sytel.adr.common.ws.AuthSSLX509TrustManager -   Issuer: CN=DigiCert Global Root CA, OU=www.digicert.com, O=DigiCert Inc, C=US
2018-09-26 18:24:44.606 - [AC1F07675BABB2CC00011C07][http-nio-8181-exec-4] INFO  it.reply.sytel.adr.common.ws.AuthSSLX509TrustManager -  Server certificate 3:
2018-09-26 18:24:44.607 - [AC1F07675BABB2CC00011C07][http-nio-8181-exec-4] INFO  it.reply.sytel.adr.common.ws.AuthSSLX509TrustManager -   Subject DN: CN=DigiCert Global Root CA, OU=www.digicert.com, O=DigiCert Inc, C=US
2018-09-26 18:24:44.607 - [AC1F07675BABB2CC00011C07][http-nio-8181-exec-4] INFO  it.reply.sytel.adr.common.ws.AuthSSLX509TrustManager -   Signature Algorithm: SHA1withRSA
2018-09-26 18:24:44.607 - [AC1F07675BABB2CC00011C07][http-nio-8181-exec-4] INFO  it.reply.sytel.adr.common.ws.AuthSSLX509TrustManager -   Valid from: Fri Nov 10 01:00:00 CET 2006
2018-09-26 18:24:44.607 - [AC1F07675BABB2CC00011C07][http-nio-8181-exec-4] INFO  it.reply.sytel.adr.common.ws.AuthSSLX509TrustManager -   Valid until: Mon Nov 10 01:00:00 CET 2031
2018-09-26 18:24:44.608 - [AC1F07675BABB2CC00011C07][http-nio-8181-exec-4] INFO  it.reply.sytel.adr.common.ws.AuthSSLX509TrustManager -   Issuer: CN=DigiCert Global Root CA, OU=www.digicert.com, O=DigiCert Inc, C=US
2018-09-26 18:24:44.954 - [AC1F07675BABB2CC00011C07][http-nio-8181-exec-4] INFO  it.reply.sytel.adr.common.ws.GKConnectionReuseStrategy - Remote peer HTTP version > 1.0 --> keep-alive=true
2018-09-26 18:24:44.955 - [AC1F07675BABB2CC00011C07][http-nio-8181-exec-4] INFO  it.reply.sytel.adr.common.ws.GKConnectionKeepAliveStrategy - Current connection will be kept alive 'indefinitely'
2018-09-26 18:24:44.960 - [AC1F07675BABB2CC00011C07][http-nio-8181-exec-4] INFO  it.reply.sytel.adr.common.ws.SharedHTTPSClient - SOAP HTTP response headers:
2018-09-26 18:24:44.960 - [AC1F07675BABB2CC00011C07][http-nio-8181-exec-4] INFO  it.reply.sytel.adr.common.ws.SharedHTTPSClient - 	name=Date, value=Wed, 26 Sep 2018 16:24:44 GMT
2018-09-26 18:24:44.960 - [AC1F07675BABB2CC00011C07][http-nio-8181-exec-4] INFO  it.reply.sytel.adr.common.ws.SharedHTTPSClient - 	name=Set-Cookie, value=JSESSIONID=f5pl3glp77bk1nedb8grn8tgk;Path=/;Secure;HttpOnly
2018-09-26 18:24:44.960 - [AC1F07675BABB2CC00011C07][http-nio-8181-exec-4] INFO  it.reply.sytel.adr.common.ws.SharedHTTPSClient - 	name=Expires, value=Thu, 01 Jan 1970 00:00:00 GMT
2018-09-26 18:24:44.960 - [AC1F07675BABB2CC00011C07][http-nio-8181-exec-4] INFO  it.reply.sytel.adr.common.ws.SharedHTTPSClient - 	name=Content-Disposition, value=inline; filename="ADBM_TEST_REMEDY_INTEGRATION.xml"
2018-09-26 18:24:44.960 - [AC1F07675BABB2CC00011C07][http-nio-8181-exec-4] INFO  it.reply.sytel.adr.common.ws.SharedHTTPSClient - 	name=Content-Type, value=text/xml
2018-09-26 18:24:44.961 - [AC1F07675BABB2CC00011C07][http-nio-8181-exec-4] INFO  it.reply.sytel.adr.common.ws.SharedHTTPSClient - 	name=Cache-Control, value=no-cache
2018-09-26 18:24:44.961 - [AC1F07675BABB2CC00011C07][http-nio-8181-exec-4] INFO  it.reply.sytel.adr.common.ws.SharedHTTPSClient - 	name=Cache-Control, value=must-revalidate
2018-09-26 18:24:44.961 - [AC1F07675BABB2CC00011C07][http-nio-8181-exec-4] INFO  it.reply.sytel.adr.common.ws.SharedHTTPSClient - 	name=Cache-Control, value=max-age=0
2018-09-26 18:24:44.961 - [AC1F07675BABB2CC00011C07][http-nio-8181-exec-4] INFO  it.reply.sytel.adr.common.ws.SharedHTTPSClient - 	name=Pragma, value=no-cache
2018-09-26 18:24:44.961 - [AC1F07675BABB2CC00011C07][http-nio-8181-exec-4] INFO  it.reply.sytel.adr.common.ws.SharedHTTPSClient - 	name=Vary, value=Accept-Encoding, User-Agent
2018-09-26 18:24:44.961 - [AC1F07675BABB2CC00011C07][http-nio-8181-exec-4] INFO  it.reply.sytel.adr.common.ws.SharedHTTPSClient - 	name=Content-Length, value=4181
2018-09-26 18:24:44.961 - [AC1F07675BABB2CC00011C07][http-nio-8181-exec-4] INFO  it.reply.sytel.adr.common.ws.SharedHTTPSClient - HTTP response code received: 200
2018-09-26 18:24:44.962 - [AC1F07675BABB2CC00011C07][http-nio-8181-exec-4] DEBUG it.reply.sytel.adr.dynatraceClient.imp.RestClientImpl - calling the console:[https://dynatrace-sub-CA:8021/rest/management/dashboard/ADBM_TEST_REMEDY_INTEGRATION] with user[admin] pwd=adradmin01... DONE elapsed:[570]
2018-09-26 18:24:44.962 - [AC1F07675BABB2CC00011C07][http-nio-8181-exec-4] DEBUG it.reply.sytel.adr.dynatraceClient.imp.RestClientImpl - content:[<?xml version="1.0" encoding="utf-8"?>
<dashboardreport name="ADBM_TEST_REMEDY_INTEGRATION" version="7.0.28.1010" reportdate="2018-09-26T18:24:44.944+02:00" description="">
  <source name="ADBM_TEST">
    <filters summary="Incident Rules, last 5 minutes">
      <filter>if:RULE?Agent Instrumentation Disabledif:RULE?Application Process Out-of-Memoryif:RULE?Application Process Unavailable (unexpected)if:RULE?Application Process Unhealthyif:RULE?CURRENT_Q_DEPTHif:RULE?Failure rate too highif:RULE?JDBC Connection Pool Percent Usedif:RULE?JDBC Connection Pool Waiting Thread Countif:RULE?Potentially stuck Java VM detectedif:RULE?Response time degraded for slow requestsif:RULE?Status of the QMif:RULE?Thread Declared Hungif:RULE?Total GC Collection Time</filter>
      <filter>tf:Last5Min</filter>
    </filters>
  </source>
  <data>
    <incidentsoverviewdashlet name="Incidents" description="" displaysource="Base">
      <source>
        <filters summary="Incident Rules, last 5 minutes">
          <filter>if:RULE?Agent Instrumentation Disabledif:RULE?Application Process Out-of-Memoryif:RULE?Application Process Unavailable (unexpected)if:RULE?Application Process Unhealthyif:RULE?Average response time degradedif:RULE?CURRENT_Q_DEPTHif:RULE?Failure rate too highif:RULE?Host Availabilityif:RULE?Host CPU Unhealthyif:RULE?Host Disk Unhealthyif:RULE?Host Memory Unhealthyif:RULE?Host Network Unhealthyif:RULE?JDBC Connection Pool Percent Usedif:RULE?JDBC Connection Pool Waiting Thread Countif:RULE?Potentially stuck Java VM detectedif:RULE?Response time degraded for slow requestsif:RULE?Status of the QMif:RULE?Thread Declared Hungif:RULE?Total GC Collection Time</filter>
          <filter>tf:Last5Min</filter>
        </filters>
      </source>
      <incidentoverviewrecords structuretype="tree">
        <incidentoverviewrecord name="ADBM_TEST (2)">
          <incidentoverviewrecord name="Agent Instrumentation Disabled"></incidentoverviewrecord>
          <incidentoverviewrecord name="Application Process Out-of-Memory"></incidentoverviewrecord>
          <incidentoverviewrecord name="Application Process Unavailable (unexpected)"></incidentoverviewrecord>
          <incidentoverviewrecord name="Application Process Unhealthy"></incidentoverviewrecord>
          <incidentoverviewrecord name="CURRENT_Q_DEPTH"></incidentoverviewrecord>
          <incidentoverviewrecord name="Failure rate too high"></incidentoverviewrecord>
          <incidentoverviewrecord name="Host Memory Unhealthy (1)">
            <incidentoverviewrecord name="The memory health of host 'mercurio' is not ok. During the last 15 minutes this host reported 10% (or less) and 1 GB (or less) memory available" start="2018-09-25T15:09:02.056+02:00" source="mercurio"></incidentoverviewrecord>
          </incidentoverviewrecord>
          <incidentoverviewrecord name="JDBC Connection Pool Percent Used"></incidentoverviewrecord>
          <incidentoverviewrecord name="JDBC Connection Pool Waiting Thread Count"></incidentoverviewrecord>
          <incidentoverviewrecord name="Potentially stuck Java VM detected"></incidentoverviewrecord>
          <incidentoverviewrecord name="Response time degraded"></incidentoverviewrecord>
          <incidentoverviewrecord name="Response time degraded for slow requests"></incidentoverviewrecord>
          <incidentoverviewrecord name="Status of the QM (1)">
            <incidentoverviewrecord name="Queue Manager Group/Status: Status (ADBM_QU_BRS2ADR _NUM_MSG@192.168.175.144) ADBM_QU_BRS2ADR _NUM_MSG lower bound exceeded; Queue Manager Group/Status: Status (ADBM_QU_UFIS_ADR _NUM_MSG@192.168.175.144) ADBM_QU_UFIS_ADR _NUM_MSG upper bound exceeded" start="2018-09-26T16:59:10.000+02:00" source="ADBM_QU_UFIS_ADR _NUM_MSG@192.168.175.144, ADBM_QU_BRS2ADR _NUM_MSG@192.168.175.144"></incidentoverviewrecord>
          </incidentoverviewrecord>
          <incidentoverviewrecord name="Thread Declared Hung"></incidentoverviewrecord>
          <incidentoverviewrecord name="Total GC Collection Time"></incidentoverviewrecord>
        </incidentoverviewrecord>
      </incidentoverviewrecords>
    </incidentsoverviewdashlet>
  </data>
</dashboardreport>
]
2018-09-26 18:24:45.223 - [AC1F07675BABB2CC00011C07][http-nio-8181-exec-4] DEBUG it.reply.sytel.adr.dynatraceClient.imp.DynatraceClientImpl - ---------FirstIncidentType:[Incidents]----------------
2018-09-26 18:24:45.229 - [AC1F07675BABB2CC00011C07][http-nio-8181-exec-4] DEBUG it.reply.sytel.adr.dynatraceClient.imp.DynatraceClientImpl - incidentTypeChild:[Agent Instrumentation Disabled]
2018-09-26 18:24:45.229 - [AC1F07675BABB2CC00011C07][http-nio-8181-exec-4] DEBUG it.reply.sytel.adr.dynatraceClient.imp.DynatraceClientImpl - incidentTypeChild:[Application Process Out-of-Memory]
2018-09-26 18:24:45.230 - [AC1F07675BABB2CC00011C07][http-nio-8181-exec-4] DEBUG it.reply.sytel.adr.dynatraceClient.imp.DynatraceClientImpl - incidentTypeChild:[Application Process Unavailable (unexpected)]
2018-09-26 18:24:45.230 - [AC1F07675BABB2CC00011C07][http-nio-8181-exec-4] DEBUG it.reply.sytel.adr.dynatraceClient.imp.DynatraceClientImpl - incidentTypeChild:[Application Process Unhealthy]
2018-09-26 18:24:45.230 - [AC1F07675BABB2CC00011C07][http-nio-8181-exec-4] DEBUG it.reply.sytel.adr.dynatraceClient.imp.DynatraceClientImpl - incidentTypeChild:[CURRENT_Q_DEPTH]
2018-09-26 18:24:45.230 - [AC1F07675BABB2CC00011C07][http-nio-8181-exec-4] DEBUG it.reply.sytel.adr.dynatraceClient.imp.DynatraceClientImpl - incidentTypeChild:[Failure rate too high]
2018-09-26 18:24:45.230 - [AC1F07675BABB2CC00011C07][http-nio-8181-exec-4] DEBUG it.reply.sytel.adr.dynatraceClient.imp.DynatraceClientImpl - incidentTypeChild:[Host Memory Unhealthy (1)]
2018-09-26 18:24:45.269 - [AC1F07675BABB2CC00011C07][http-nio-8181-exec-4] DEBUG it.reply.sytel.adr.dynatraceClient.imp.DynatraceClientImpl - ------ALLARME-----:[<xml-fragment name="The memory health of host 'mercurio' is not ok. During the last 15 minutes this host reported 10% (or less) and 1 GB (or less) memory available" start="2018-09-25T15:09:02.056+02:00" source="mercurio"/>] incidentType:[Host Memory Unhealthy (1)]
2018-09-26 18:24:45.270 - [AC1F07675BABB2CC00011C07][http-nio-8181-exec-4] DEBUG it.reply.sytel.adr.dynatraceClient.imp.DynatraceClientImpl - incidentTypeChild:[The memory health of host 'mercurio' is not ok. During the last 15 minutes this host reported 10% (or less) and 1 GB (or less) memory available]
2018-09-26 18:24:45.270 - [AC1F07675BABB2CC00011C07][http-nio-8181-exec-4] DEBUG it.reply.sytel.adr.dynatraceClient.imp.DynatraceClientImpl - incidentTypeChild:[JDBC Connection Pool Percent Used]
2018-09-26 18:24:45.271 - [AC1F07675BABB2CC00011C07][http-nio-8181-exec-4] DEBUG it.reply.sytel.adr.dynatraceClient.imp.DynatraceClientImpl - incidentTypeChild:[JDBC Connection Pool Waiting Thread Count]
2018-09-26 18:24:45.271 - [AC1F07675BABB2CC00011C07][http-nio-8181-exec-4] DEBUG it.reply.sytel.adr.dynatraceClient.imp.DynatraceClientImpl - incidentTypeChild:[Potentially stuck Java VM detected]
2018-09-26 18:24:45.271 - [AC1F07675BABB2CC00011C07][http-nio-8181-exec-4] DEBUG it.reply.sytel.adr.dynatraceClient.imp.DynatraceClientImpl - incidentTypeChild:[Response time degraded]
2018-09-26 18:24:45.271 - [AC1F07675BABB2CC00011C07][http-nio-8181-exec-4] DEBUG it.reply.sytel.adr.dynatraceClient.imp.DynatraceClientImpl - incidentTypeChild:[Response time degraded for slow requests]
2018-09-26 18:24:45.271 - [AC1F07675BABB2CC00011C07][http-nio-8181-exec-4] DEBUG it.reply.sytel.adr.dynatraceClient.imp.DynatraceClientImpl - incidentTypeChild:[Status of the QM (1)]
2018-09-26 18:24:45.271 - [AC1F07675BABB2CC00011C07][http-nio-8181-exec-4] DEBUG it.reply.sytel.adr.dynatraceClient.imp.DynatraceClientImpl - ------ALLARME-----:[<xml-fragment name="Queue Manager Group/Status: Status (ADBM_QU_BRS2ADR _NUM_MSG@192.168.175.144) ADBM_QU_BRS2ADR _NUM_MSG lower bound exceeded; Queue Manager Group/Status: Status (ADBM_QU_UFIS_ADR _NUM_MSG@192.168.175.144) ADBM_QU_UFIS_ADR _NUM_MSG upper bound exceeded" start="2018-09-26T16:59:10.000+02:00" source="ADBM_QU_UFIS_ADR _NUM_MSG@192.168.175.144, ADBM_QU_BRS2ADR _NUM_MSG@192.168.175.144"/>] incidentType:[Status of the QM (1)]
2018-09-26 18:24:45.271 - [AC1F07675BABB2CC00011C07][http-nio-8181-exec-4] DEBUG it.reply.sytel.adr.dynatraceClient.imp.DynatraceClientImpl - incidentTypeChild:[Queue Manager Group/Status: Status (ADBM_QU_BRS2ADR _NUM_MSG@192.168.175.144) ADBM_QU_BRS2ADR _NUM_MSG lower bound exceeded; Queue Manager Group/Status: Status (ADBM_QU_UFIS_ADR _NUM_MSG@192.168.175.144) ADBM_QU_UFIS_ADR _NUM_MSG upper bound exceeded]
2018-09-26 18:24:45.272 - [AC1F07675BABB2CC00011C07][http-nio-8181-exec-4] DEBUG it.reply.sytel.adr.dynatraceClient.imp.DynatraceClientImpl - incidentTypeChild:[Thread Declared Hung]
2018-09-26 18:24:45.272 - [AC1F07675BABB2CC00011C07][http-nio-8181-exec-4] DEBUG it.reply.sytel.adr.dynatraceClient.imp.DynatraceClientImpl - incidentTypeChild:[Total GC Collection Time]
2018-09-26 18:24:45.272 - [AC1F07675BABB2CC00011C07][http-nio-8181-exec-4] INFO  it.reply.sytel.adr.services.impl.GetDynatraceIncident - There are [2] incident to work
2018-09-26 18:24:45.279 - [AC1F07675BABB2CC00011C07][http-nio-8181-exec-4] DEBUG it.reply.sytel.adr.services.impl.GetDynatraceIncident - descrizioneToFind:[Status of the QM] for DashBoard:[ADM]
2018-09-26 18:24:45.286 - [AC1F07675BABB2CC00011C07][http-nio-8181-exec-4] INFO  it.reply.sytel.adr.services.impl.GetDynatraceIncident - Dynatrace Event Status of the QM not configurated on DB for the DashBoard:[ADM]
2018-09-26 18:24:45.290 - [AC1F07675BABB2CC00011C07][http-nio-8181-exec-4] DEBUG it.reply.sytel.adr.services.impl.GetDynatraceIncident - descrizioneToFind:[Host Memory Unhealthy] for DashBoard:[ADM]
2018-09-26 18:24:45.292 - [AC1F07675BABB2CC00011C07][http-nio-8181-exec-4] INFO  it.reply.sytel.adr.services.impl.GetDynatraceIncident - Dynatrace Event Host Memory Unhealthy not configurated on DB for the DashBoard:[ADM]
2018-09-26 18:24:45.293 - [AC1F07675BABB2CC00011C07][http-nio-8181-exec-4] DEBUG it.reply.sytel.adr.services.impl.GetDynatraceIncident - the Name for app:[BOL_TEST_REMEDY_INTEGRATION]
2018-09-26 18:24:45.293 - [AC1F07675BABB2CC00011C07][http-nio-8181-exec-4] DEBUG it.reply.sytel.adr.services.impl.GetDynatraceIncident - the URL for app:[https://dynatrace-sub-ca:8021/rest/management/dashboard/BOL_TEST_REMEDY_INTEGRATION]
2018-09-26 18:24:45.293 - [AC1F07675BABB2CC00011C07][http-nio-8181-exec-4] DEBUG it.reply.sytel.adr.services.impl.GetDynatraceIncident - the USR for app:[admin]
2018-09-26 18:24:45.293 - [AC1F07675BABB2CC00011C07][http-nio-8181-exec-4] DEBUG it.reply.sytel.adr.services.impl.GetDynatraceIncident - the PWD for app:[adradmin01]
2018-09-26 18:24:45.293 - [AC1F07675BABB2CC00011C07][http-nio-8181-exec-4] DEBUG it.reply.sytel.adr.dynatraceClient.imp.RestClientImpl - calling the console:[https://dynatrace-sub-ca:8021/rest/management/dashboard/BOL_TEST_REMEDY_INTEGRATION] with user[admin] pwd=adradmin01...
2018-09-26 18:24:45.293 - [AC1F07675BABB2CC00011C07][http-nio-8181-exec-4] DEBUG it.reply.sytel.adr.common.ws.SharedHTTPSClient - Executing POST with basic authentication
2018-09-26 18:24:45.293 - [AC1F07675BABB2CC00011C07][http-nio-8181-exec-4] DEBUG it.reply.sytel.adr.common.ws.SharedHTTPSClient - SOAP HTTP request headers:
2018-09-26 18:24:45.293 - [AC1F07675BABB2CC00011C07][http-nio-8181-exec-4] INFO  it.reply.sytel.adr.common.ws.SharedHTTPSClient - 	name=Authorization, value=Basic YWRtaW46YWRyYWRtaW4wMQ==
2018-09-26 18:24:45.474 - [AC1F07675BABB2CC00011C07][http-nio-8181-exec-4] INFO  it.reply.sytel.adr.common.ws.GKConnectionReuseStrategy - Remote peer HTTP version > 1.0 --> keep-alive=true
2018-09-26 18:24:45.474 - [AC1F07675BABB2CC00011C07][http-nio-8181-exec-4] INFO  it.reply.sytel.adr.common.ws.GKConnectionKeepAliveStrategy - Current connection will be kept alive 'indefinitely'
2018-09-26 18:24:45.474 - [AC1F07675BABB2CC00011C07][http-nio-8181-exec-4] INFO  it.reply.sytel.adr.common.ws.SharedHTTPSClient - SOAP HTTP response headers:
2018-09-26 18:24:45.474 - [AC1F07675BABB2CC00011C07][http-nio-8181-exec-4] INFO  it.reply.sytel.adr.common.ws.SharedHTTPSClient - 	name=Date, value=Wed, 26 Sep 2018 16:24:45 GMT
2018-09-26 18:24:45.474 - [AC1F07675BABB2CC00011C07][http-nio-8181-exec-4] INFO  it.reply.sytel.adr.common.ws.SharedHTTPSClient - 	name=Content-Disposition, value=inline; filename="BOL_TEST_REMEDY_INTEGRATION.xml"
2018-09-26 18:24:45.474 - [AC1F07675BABB2CC00011C07][http-nio-8181-exec-4] INFO  it.reply.sytel.adr.common.ws.SharedHTTPSClient - 	name=Content-Type, value=text/xml
2018-09-26 18:24:45.474 - [AC1F07675BABB2CC00011C07][http-nio-8181-exec-4] INFO  it.reply.sytel.adr.common.ws.SharedHTTPSClient - 	name=Cache-Control, value=no-cache
2018-09-26 18:24:45.474 - [AC1F07675BABB2CC00011C07][http-nio-8181-exec-4] INFO  it.reply.sytel.adr.common.ws.SharedHTTPSClient - 	name=Cache-Control, value=must-revalidate
2018-09-26 18:24:45.474 - [AC1F07675BABB2CC00011C07][http-nio-8181-exec-4] INFO  it.reply.sytel.adr.common.ws.SharedHTTPSClient - 	name=Cache-Control, value=max-age=0
2018-09-26 18:24:45.475 - [AC1F07675BABB2CC00011C07][http-nio-8181-exec-4] INFO  it.reply.sytel.adr.common.ws.SharedHTTPSClient - 	name=Pragma, value=no-cache
2018-09-26 18:24:45.475 - [AC1F07675BABB2CC00011C07][http-nio-8181-exec-4] INFO  it.reply.sytel.adr.common.ws.SharedHTTPSClient - 	name=Vary, value=Accept-Encoding, User-Agent
2018-09-26 18:24:45.475 - [AC1F07675BABB2CC00011C07][http-nio-8181-exec-4] INFO  it.reply.sytel.adr.common.ws.SharedHTTPSClient - 	name=Content-Length, value=3678
2018-09-26 18:24:45.475 - [AC1F07675BABB2CC00011C07][http-nio-8181-exec-4] INFO  it.reply.sytel.adr.common.ws.SharedHTTPSClient - HTTP response code received: 200
2018-09-26 18:24:45.475 - [AC1F07675BABB2CC00011C07][http-nio-8181-exec-4] DEBUG it.reply.sytel.adr.dynatraceClient.imp.RestClientImpl - calling the console:[https://dynatrace-sub-ca:8021/rest/management/dashboard/BOL_TEST_REMEDY_INTEGRATION] with user[admin] pwd=adradmin01... DONE elapsed:[182]
2018-09-26 18:24:45.476 - [AC1F07675BABB2CC00011C07][http-nio-8181-exec-4] DEBUG it.reply.sytel.adr.dynatraceClient.imp.RestClientImpl - content:[<?xml version="1.0" encoding="utf-8"?>
<dashboardreport name="BOL_TEST_REMEDY_INTEGRATION" version="7.0.28.1010" reportdate="2018-09-26T18:24:45.478+02:00" description="">
  <source name="ADRIT-BOL-PMS_TEST">
    <filters summary="last 24 hours">
      <filter>tf:Last24h</filter>
    </filters>
  </source>
  <data>
    <incidentsoverviewdashlet name="Incidents" description="" displaysource="Base">
      <source>
        <filters summary="Incident Rules, last 24 hours">
          <filter>tf:Last24h</filter>
          <filter>if:RULE?Agent Instrumentation Disabledif:RULE?Application Process Out-of-Memoryif:RULE?Application Process Unavailable (unexpected)if:RULE?Application Process Unhealthyif:RULE?Average response time degradedif:RULE?Failure rate too highif:RULE?Host Availabilityif:RULE?Host CPU Unhealthyif:RULE?Host Disk Unhealthyif:RULE?Host Memory Unhealthyif:RULE?Host Network Unhealthyif:RULE?Response time degraded for slow requests</filter>
        </filters>
      </source>
      <incidentoverviewrecords structuretype="tree">
        <incidentoverviewrecord name="ADRIT-BOL-PMS_TEST (7)">
          <incidentoverviewrecord name="Agent Instrumentation Disabled"></incidentoverviewrecord>
          <incidentoverviewrecord name="Application Process Out-of-Memory"></incidentoverviewrecord>
          <incidentoverviewrecord name="Application Process Unavailable (unexpected) (5)">
            <incidentoverviewrecord name="Agent 'TOMCAT-AUTH_ADRIT_TEST@n73411023' connection lost" start="2018-09-26T15:14:07.734+02:00" duration="3131" end="2018-09-26T15:14:10.865+02:00" source="-"></incidentoverviewrecord>
            <incidentoverviewrecord name="Agent 'TOMCAT_ADRIT_TEST@n73411021' connection lost" start="2018-09-26T15:14:04.257+02:00" duration="48" end="2018-09-26T15:14:04.305+02:00" source="-"></incidentoverviewrecord>
            <incidentoverviewrecord name="Agent 'TOMCAT_ADRIT_TEST@n73411021' connection lost" start="2018-09-26T02:30:37.922+02:00" duration="35005" end="2018-09-26T02:31:12.927+02:00" source="-"></incidentoverviewrecord>
            <incidentoverviewrecord name="Agent 'TOMCAT_ADRIT_TEST@n73411022' connection lost" start="2018-09-26T15:14:04.287+02:00" duration="3446" end="2018-09-26T15:14:07.733+02:00" source="-"></incidentoverviewrecord>
            <incidentoverviewrecord name="Agent 'TOMCAT_ADRIT_TEST@n73411022' connection lost" start="2018-09-26T02:40:39.884+02:00" duration="32087" end="2018-09-26T02:41:11.971+02:00" source="-"></incidentoverviewrecord>
          </incidentoverviewrecord>
          <incidentoverviewrecord name="Application Process Unhealthy"></incidentoverviewrecord>
          <incidentoverviewrecord name="Failure rate too high"></incidentoverviewrecord>
          <incidentoverviewrecord name="Response time degraded (2)">
            <incidentoverviewrecord name="Average response time of &quot;Web Page Requests [&lt;...&gt;] ADR.IT (APACHE_ADRIT_TEST[Apache 2.2]@n73411020)&quot; degraded" start="2018-09-26T08:05:00.000+02:00" duration="5049033" end="2018-09-26T09:29:09.033+02:00" source="-"></incidentoverviewrecord>
            <incidentoverviewrecord name="Average response time of &quot;Web Page Requests [&lt;...&gt;] ADR.IT (APACHE_ADRIT_TEST[Apache 2.2]@n73411020)&quot; degraded" start="2018-09-25T18:41:00.000+02:00" duration="6426707" end="2018-09-25T20:28:06.707+02:00" source="-"></incidentoverviewrecord>
          </incidentoverviewrecord>
          <incidentoverviewrecord name="Response time degraded for slow requests"></incidentoverviewrecord>
        </incidentoverviewrecord>
      </incidentoverviewrecords>
    </incidentsoverviewdashlet>
  </data>
</dashboardreport>
]
2018-09-26 18:24:45.478 - [AC1F07675BABB2CC00011C07][http-nio-8181-exec-4] DEBUG it.reply.sytel.adr.dynatraceClient.imp.DynatraceClientImpl - ---------FirstIncidentType:[Incidents]----------------
2018-09-26 18:24:45.478 - [AC1F07675BABB2CC00011C07][http-nio-8181-exec-4] DEBUG it.reply.sytel.adr.dynatraceClient.imp.DynatraceClientImpl - incidentTypeChild:[Agent Instrumentation Disabled]
2018-09-26 18:24:45.478 - [AC1F07675BABB2CC00011C07][http-nio-8181-exec-4] DEBUG it.reply.sytel.adr.dynatraceClient.imp.DynatraceClientImpl - incidentTypeChild:[Application Process Out-of-Memory]
2018-09-26 18:24:45.478 - [AC1F07675BABB2CC00011C07][http-nio-8181-exec-4] DEBUG it.reply.sytel.adr.dynatraceClient.imp.DynatraceClientImpl - incidentTypeChild:[Application Process Unavailable (unexpected) (5)]
2018-09-26 18:24:45.479 - [AC1F07675BABB2CC00011C07][http-nio-8181-exec-4] DEBUG it.reply.sytel.adr.dynatraceClient.imp.DynatraceClientImpl - ------ALLARME-----:[<xml-fragment name="Agent 'TOMCAT-AUTH_ADRIT_TEST@n73411023' connection lost" start="2018-09-26T15:14:07.734+02:00" duration="3131" end="2018-09-26T15:14:10.865+02:00" source="-"/>] incidentType:[Application Process Unavailable (unexpected) (5)]
2018-09-26 18:24:45.479 - [AC1F07675BABB2CC00011C07][http-nio-8181-exec-4] DEBUG it.reply.sytel.adr.dynatraceClient.imp.DynatraceClientImpl - incidentTypeChild:[Agent 'TOMCAT-AUTH_ADRIT_TEST@n73411023' connection lost]
2018-09-26 18:24:45.479 - [AC1F07675BABB2CC00011C07][http-nio-8181-exec-4] DEBUG it.reply.sytel.adr.dynatraceClient.imp.DynatraceClientImpl - ------ALLARME-----:[<xml-fragment name="Agent 'TOMCAT_ADRIT_TEST@n73411021' connection lost" start="2018-09-26T15:14:04.257+02:00" duration="48" end="2018-09-26T15:14:04.305+02:00" source="-"/>] incidentType:[Application Process Unavailable (unexpected) (5)]
2018-09-26 18:24:45.480 - [AC1F07675BABB2CC00011C07][http-nio-8181-exec-4] DEBUG it.reply.sytel.adr.dynatraceClient.imp.DynatraceClientImpl - incidentTypeChild:[Agent 'TOMCAT_ADRIT_TEST@n73411021' connection lost]
2018-09-26 18:24:45.480 - [AC1F07675BABB2CC00011C07][http-nio-8181-exec-4] DEBUG it.reply.sytel.adr.dynatraceClient.imp.DynatraceClientImpl - ------ALLARME-----:[<xml-fragment name="Agent 'TOMCAT_ADRIT_TEST@n73411021' connection lost" start="2018-09-26T02:30:37.922+02:00" duration="35005" end="2018-09-26T02:31:12.927+02:00" source="-"/>] incidentType:[Application Process Unavailable (unexpected) (5)]
2018-09-26 18:24:45.480 - [AC1F07675BABB2CC00011C07][http-nio-8181-exec-4] DEBUG it.reply.sytel.adr.dynatraceClient.imp.DynatraceClientImpl - incidentTypeChild:[Agent 'TOMCAT_ADRIT_TEST@n73411021' connection lost]
2018-09-26 18:24:45.480 - [AC1F07675BABB2CC00011C07][http-nio-8181-exec-4] DEBUG it.reply.sytel.adr.dynatraceClient.imp.DynatraceClientImpl - ------ALLARME-----:[<xml-fragment name="Agent 'TOMCAT_ADRIT_TEST@n73411022' connection lost" start="2018-09-26T15:14:04.287+02:00" duration="3446" end="2018-09-26T15:14:07.733+02:00" source="-"/>] incidentType:[Application Process Unavailable (unexpected) (5)]
2018-09-26 18:24:45.480 - [AC1F07675BABB2CC00011C07][http-nio-8181-exec-4] DEBUG it.reply.sytel.adr.dynatraceClient.imp.DynatraceClientImpl - incidentTypeChild:[Agent 'TOMCAT_ADRIT_TEST@n73411022' connection lost]
2018-09-26 18:24:45.481 - [AC1F07675BABB2CC00011C07][http-nio-8181-exec-4] DEBUG it.reply.sytel.adr.dynatraceClient.imp.DynatraceClientImpl - ------ALLARME-----:[<xml-fragment name="Agent 'TOMCAT_ADRIT_TEST@n73411022' connection lost" start="2018-09-26T02:40:39.884+02:00" duration="32087" end="2018-09-26T02:41:11.971+02:00" source="-"/>] incidentType:[Application Process Unavailable (unexpected) (5)]
2018-09-26 18:24:45.481 - [AC1F07675BABB2CC00011C07][http-nio-8181-exec-4] DEBUG it.reply.sytel.adr.dynatraceClient.imp.DynatraceClientImpl - incidentTypeChild:[Agent 'TOMCAT_ADRIT_TEST@n73411022' connection lost]
2018-09-26 18:24:45.481 - [AC1F07675BABB2CC00011C07][http-nio-8181-exec-4] DEBUG it.reply.sytel.adr.dynatraceClient.imp.DynatraceClientImpl - incidentTypeChild:[Application Process Unhealthy]
2018-09-26 18:24:45.482 - [AC1F07675BABB2CC00011C07][http-nio-8181-exec-4] DEBUG it.reply.sytel.adr.dynatraceClient.imp.DynatraceClientImpl - incidentTypeChild:[Failure rate too high]
2018-09-26 18:24:45.482 - [AC1F07675BABB2CC00011C07][http-nio-8181-exec-4] DEBUG it.reply.sytel.adr.dynatraceClient.imp.DynatraceClientImpl - incidentTypeChild:[Response time degraded (2)]
2018-09-26 18:24:45.482 - [AC1F07675BABB2CC00011C07][http-nio-8181-exec-4] DEBUG it.reply.sytel.adr.dynatraceClient.imp.DynatraceClientImpl - ------ALLARME-----:[<xml-fragment name="Average response time of &quot;Web Page Requests [&lt;...>] ADR.IT (APACHE_ADRIT_TEST[Apache 2.2]@n73411020)&quot; degraded" start="2018-09-26T08:05:00.000+02:00" duration="5049033" end="2018-09-26T09:29:09.033+02:00" source="-"/>] incidentType:[Response time degraded (2)]
2018-09-26 18:24:45.483 - [AC1F07675BABB2CC00011C07][http-nio-8181-exec-4] DEBUG it.reply.sytel.adr.dynatraceClient.imp.DynatraceClientImpl - incidentTypeChild:[Average response time of "Web Page Requests [<...>] ADR.IT (APACHE_ADRIT_TEST[Apache 2.2]@n73411020)" degraded]
2018-09-26 18:24:45.483 - [AC1F07675BABB2CC00011C07][http-nio-8181-exec-4] DEBUG it.reply.sytel.adr.dynatraceClient.imp.DynatraceClientImpl - ------ALLARME-----:[<xml-fragment name="Average response time of &quot;Web Page Requests [&lt;...>] ADR.IT (APACHE_ADRIT_TEST[Apache 2.2]@n73411020)&quot; degraded" start="2018-09-25T18:41:00.000+02:00" duration="6426707" end="2018-09-25T20:28:06.707+02:00" source="-"/>] incidentType:[Response time degraded (2)]
2018-09-26 18:24:45.484 - [AC1F07675BABB2CC00011C07][http-nio-8181-exec-4] DEBUG it.reply.sytel.adr.dynatraceClient.imp.DynatraceClientImpl - incidentTypeChild:[Average response time of "Web Page Requests [<...>] ADR.IT (APACHE_ADRIT_TEST[Apache 2.2]@n73411020)" degraded]
2018-09-26 18:24:45.484 - [AC1F07675BABB2CC00011C07][http-nio-8181-exec-4] DEBUG it.reply.sytel.adr.dynatraceClient.imp.DynatraceClientImpl - incidentTypeChild:[Response time degraded for slow requests]
2018-09-26 18:24:45.484 - [AC1F07675BABB2CC00011C07][http-nio-8181-exec-4] INFO  it.reply.sytel.adr.services.impl.GetDynatraceIncident - There are [7] incident to work
2018-09-26 18:24:45.488 - [AC1F07675BABB2CC00011C07][http-nio-8181-exec-4] DEBUG it.reply.sytel.adr.dao.impl.IncidentDAOImpl - name:[Agent 'TOMCAT_ADRIT_TEST@n73411021' connection lost startEvent:[2018-09-26 15:14:04.257]
2018-09-26 18:24:45.489 - [AC1F07675BABB2CC00011C07][http-nio-8181-exec-4] DEBUG it.reply.sytel.adr.services.impl.GetDynatraceIncident - Incident already exists:[DynatraceIncidentKey [name=Agent 'TOMCAT_ADRIT_TEST@n73411021' connection lost, startEvent=2018-09-26 15:14:04.257, dashboarName=BOL_TEST_REMEDY_INTEGRATION]] update the DateUpdate
2018-09-26 18:24:45.493 - [AC1F07675BABB2CC00011C07][http-nio-8181-exec-4] DEBUG it.reply.sytel.adr.dao.impl.IncidentDAOImpl - Updated 1 rows
2018-09-26 18:24:45.496 - [AC1F07675BABB2CC00011C07][http-nio-8181-exec-4] DEBUG it.reply.sytel.adr.dao.impl.IncidentDAOImpl - name:[Agent 'TOMCAT_ADRIT_TEST@n73411022' connection lost startEvent:[2018-09-26 15:14:04.287]
2018-09-26 18:24:45.497 - [AC1F07675BABB2CC00011C07][http-nio-8181-exec-4] DEBUG it.reply.sytel.adr.services.impl.GetDynatraceIncident - Incident already exists:[DynatraceIncidentKey [name=Agent 'TOMCAT_ADRIT_TEST@n73411022' connection lost, startEvent=2018-09-26 15:14:04.287, dashboarName=BOL_TEST_REMEDY_INTEGRATION]] update the DateUpdate
2018-09-26 18:24:45.502 - [AC1F07675BABB2CC00011C07][http-nio-8181-exec-4] DEBUG it.reply.sytel.adr.dao.impl.IncidentDAOImpl - Updated 1 rows
2018-09-26 18:24:45.505 - [AC1F07675BABB2CC00011C07][http-nio-8181-exec-4] DEBUG it.reply.sytel.adr.dao.impl.IncidentDAOImpl - name:[Agent 'TOMCAT_ADRIT_TEST@n73411022' connection lost startEvent:[2018-09-26 02:40:39.884]
2018-09-26 18:24:45.505 - [AC1F07675BABB2CC00011C07][http-nio-8181-exec-4] DEBUG it.reply.sytel.adr.services.impl.GetDynatraceIncident - Incident already exists:[DynatraceIncidentKey [name=Agent 'TOMCAT_ADRIT_TEST@n73411022' connection lost, startEvent=2018-09-26 02:40:39.884, dashboarName=BOL_TEST_REMEDY_INTEGRATION]] update the DateUpdate
2018-09-26 18:24:45.508 - [AC1F07675BABB2CC00011C07][http-nio-8181-exec-4] DEBUG it.reply.sytel.adr.dao.impl.IncidentDAOImpl - Updated 1 rows
2018-09-26 18:24:45.511 - [AC1F07675BABB2CC00011C07][http-nio-8181-exec-4] DEBUG it.reply.sytel.adr.dao.impl.IncidentDAOImpl - name:[Agent 'TOMCAT-AUTH_ADRIT_TEST@n73411023' connection lost startEvent:[2018-09-26 15:14:07.734]
2018-09-26 18:24:45.512 - [AC1F07675BABB2CC00011C07][http-nio-8181-exec-4] DEBUG it.reply.sytel.adr.services.impl.GetDynatraceIncident - Incident already exists:[DynatraceIncidentKey [name=Agent 'TOMCAT-AUTH_ADRIT_TEST@n73411023' connection lost, startEvent=2018-09-26 15:14:07.734, dashboarName=BOL_TEST_REMEDY_INTEGRATION]] update the DateUpdate
2018-09-26 18:24:45.515 - [AC1F07675BABB2CC00011C07][http-nio-8181-exec-4] DEBUG it.reply.sytel.adr.dao.impl.IncidentDAOImpl - Updated 1 rows
2018-09-26 18:24:45.520 - [AC1F07675BABB2CC00011C07][http-nio-8181-exec-4] DEBUG it.reply.sytel.adr.dao.impl.IncidentDAOImpl - name:[Agent 'TOMCAT_ADRIT_TEST@n73411021' connection lost startEvent:[2018-09-26 02:30:37.922]
2018-09-26 18:24:45.520 - [AC1F07675BABB2CC00011C07][http-nio-8181-exec-4] DEBUG it.reply.sytel.adr.services.impl.GetDynatraceIncident - Incident already exists:[DynatraceIncidentKey [name=Agent 'TOMCAT_ADRIT_TEST@n73411021' connection lost, startEvent=2018-09-26 02:30:37.922, dashboarName=BOL_TEST_REMEDY_INTEGRATION]] update the DateUpdate
2018-09-26 18:24:45.524 - [AC1F07675BABB2CC00011C07][http-nio-8181-exec-4] DEBUG it.reply.sytel.adr.dao.impl.IncidentDAOImpl - Updated 1 rows
2018-09-26 18:24:45.528 - [AC1F07675BABB2CC00011C07][http-nio-8181-exec-4] DEBUG it.reply.sytel.adr.services.impl.GetDynatraceIncident - descrizioneToFind:[Response time degraded] for DashBoard:[BOL_TEST_REMEDY_INTEGRATION]
2018-09-26 18:24:45.530 - [AC1F07675BABB2CC00011C07][http-nio-8181-exec-4] INFO  it.reply.sytel.adr.services.impl.GetDynatraceIncident - Dynatrace Event Response time degraded not configurated on DB for the DashBoard:[BOL_TEST_REMEDY_INTEGRATION]
2018-09-26 18:24:45.534 - [AC1F07675BABB2CC00011C07][http-nio-8181-exec-4] DEBUG it.reply.sytel.adr.services.impl.GetDynatraceIncident - descrizioneToFind:[Response time degraded] for DashBoard:[BOL_TEST_REMEDY_INTEGRATION]
2018-09-26 18:24:45.536 - [AC1F07675BABB2CC00011C07][http-nio-8181-exec-4] INFO  it.reply.sytel.adr.services.impl.GetDynatraceIncident - Dynatrace Event Response time degraded not configurated on DB for the DashBoard:[BOL_TEST_REMEDY_INTEGRATION]
2018-09-26 18:24:45.537 - [AC1F07675BABB2CC00011C07][http-nio-8181-exec-4] INFO  it.reply.sytel.adr.services.impl.GetDynatraceIncident - Service:[it.reply.sytel.adr.services.impl.GetDynatraceIncident] called ... DONE with ServiceExecutionTime:[1146]
2018-09-26 18:24:45.537 - [AC1F07675BABB2CC00011C07][http-nio-8181-exec-4] INFO  it.reply.sytel.adr.services.impl.CreateRemedyIncident - service:[it.reply.sytel.adr.services.impl.CreateRemedyIncident] called ... 
2018-09-26 18:24:45.537 - [AC1F07675BABB2CC00011C07][http-nio-8181-exec-4] DEBUG it.reply.sytel.adr.services.impl.CreateRemedyIncident - Getting the RemedyConfiguration for [RemedyConfiguration [remedyConfigurationId=1, username=Admin, password=Admin, url=]]
2018-09-26 18:24:45.540 - [AC1F07675BABB2CC00011C07][http-nio-8181-exec-4] INFO  it.reply.sytel.adr.services.impl.CreateRemedyIncident - Number of incident to create on Remedy:[0]
2018-09-26 18:24:45.541 - [AC1F07675BABB2CC00011C07][http-nio-8181-exec-4] INFO  it.reply.sytel.adr.services.impl.CreateRemedyIncident - Service:[it.reply.sytel.adr.services.impl.CreateRemedyIncident] called ... DONE with ServiceExecutionTime:[4]
2018-09-26 18:24:45.541 - [AC1F07675BABB2CC00011C07][http-nio-8181-exec-4] INFO  it.reply.sytel.adr.services.impl.CloseRemedyIncident - service:[it.reply.sytel.adr.services.impl.CloseRemedyIncident] called ... 
2018-09-26 18:24:45.544 - [AC1F07675BABB2CC00011C07][http-nio-8181-exec-4] INFO  it.reply.sytel.adr.services.impl.CloseRemedyIncident - Service:[it.reply.sytel.adr.services.impl.CloseRemedyIncident] called ... DONE with ServiceExecutionTime:[3]
2018-09-26 18:24:45.545 - [AC1F07675BABB2CC00011C07][http-nio-8181-exec-4] INFO  it.reply.sytel.adr.engine.RemedyIncidetBuilderEngine - Flow RemedyIncidentdBuilder Engine executed with ExecutionTime (1156)
2018-09-26 18:24:45.545 - [][http-nio-8181-exec-4] INFO  it.reply.sytel.adr.restServices.ConnectorManager - Calling connector ONE SHOT... DONE
